<?xml version="1.0" encoding="UTF-8"?>
<coverage generated="1558710912894" clover="3.2.0">
  <project timestamp="1558710912894" name="All files">
    <metrics statements="8" coveredstatements="0" conditionals="0" coveredconditionals="0" methods="3" coveredmethods="0" elements="11" coveredelements="0" complexity="0" loc="8" ncloc="8" packages="1" files="1" classes="1">
      <file name="20190517111536_games.js" path="C:\Users\Steven\Sprint-Challenge--Testing\data\migrations\20190517111536_games.js">
        <metrics statements="8" coveredstatements="0" conditionals="0" coveredconditionals="0" methods="3" coveredmethods="0"/>
        <line num="1" count="0" type="stmt"/>
        <line num="2" count="0" type="stmt"/>
        <line num="3" count="0" type="stmt"/>
        <line num="4" count="0" type="stmt"/>
        <line num="5" count="0" type="stmt"/>
        <line num="6" count="0" type="stmt"/>
        <line num="11" count="0" type="stmt"/>
        <line num="12" count="0" type="stmt"/>
      </file>
    </metrics>
  </project>
</coverage>
