{"C:\\Users\\Steven\\Sprint-Challenge--Testing\\data\\migrations\\20190517111536_games.js": {"path":"C:\\Users\\Steven\\Sprint-Challenge--Testing\\data\\migrations\\20190517111536_games.js","statementMap":{"0":{"start":{"line":1,"column":0},"end":{"line":null,"column":-1}},"1":{"start":{"line":2,"column":4},"end":{"line":null,"column":-1}},"2":{"start":{"line":3,"column":8},"end":{"line":null,"column":-1}},"3":{"start":{"line":4,"column":8},"end":{"line":null,"column":-1}},"4":{"start":{"line":5,"column":8},"end":{"line":null,"column":-1}},"5":{"start":{"line":6,"column":8},"end":{"line":null,"column":-1}},"6":{"start":{"line":11,"column":2},"end":{"line":null,"column":-1}},"7":{"start":{"line":12,"column":4},"end":{"line":null,"column":-1}}},"fnMap":{"0":{"name":"(anonymous_0)","decl":{"start":{"line":1,"column":13},"end":{"line":1,"column":21}},"loc":{"start":{"line":1,"column":37},"end":{"line":1,"column":0}}},"1":{"name":"(anonymous_1)","decl":{"start":{"line":2,"column":44},"end":{"line":2,"column":50}},"loc":{"start":{"line":2,"column":51},"end":{"line":2,"column":11}}},"2":{"name":"(anonymous_2)","decl":{"start":{"line":11,"column":17},"end":{"line":11,"column":25}},"loc":{"start":{"line":11,"column":41},"end":{"line":11,"column":2}}}},"branchMap":{},"s":{"0":0,"1":0,"2":0,"3":0,"4":0,"5":0,"6":0,"7":0},"f":{"0":0,"1":0,"2":0},"b":{}}
}
