{"C:\\Users\\Steven\\Sprint-Challenge--Testing\\coverage\\coverage-final.json": {"path":"C:\\Users\\Steven\\Sprint-Challenge--Testing\\coverage\\coverage-final.json","statementMap":{},"fnMap":{},"branchMap":{},"s":{},"f":{},"b":{}}
,"C:\\Users\\Steven\\Sprint-Challenge--Testing\\data\\router-spec.js": {"path":"C:\\Users\\Steven\\Sprint-Challenge--Testing\\data\\router-spec.js","statementMap":{"0":{"start":{"line":1,"column":16},"end":{"line":1,"column":0}},"1":{"start":{"line":3,"column":15},"end":{"line":3,"column":0}},"2":{"start":{"line":5,"column":0},"end":{"line":null,"column":-1}},"3":{"start":{"line":6,"column":2},"end":{"line":null,"column":-1}},"4":{"start":{"line":7,"column":4},"end":{"line":null,"column":-1}},"5":{"start":{"line":8,"column":6},"end":{"line":null,"column":-1}},"6":{"start":{"line":9,"column":8},"end":{"line":null,"column":-1}},"7":{"start":{"line":13,"column":6},"end":{"line":null,"column":-1}},"8":{"start":{"line":14,"column":29},"end":{"line":14,"column":8}},"9":{"start":{"line":16,"column":25},"end":{"line":16,"column":8}},"10":{"start":{"line":18,"column":8},"end":{"line":null,"column":-1}},"11":{"start":{"line":21,"column":6},"end":{"line":null,"column":-1}},"12":{"start":{"line":22,"column":8},"end":{"line":null,"column":-1}},"13":{"start":{"line":25,"column":12},"end":{"line":null,"column":-1}},"14":{"start":{"line":29,"column":6},"end":{"line":null,"column":-1}},"15":{"start":{"line":30,"column":25},"end":{"line":30,"column":8}},"16":{"start":{"line":32,"column":8},"end":{"line":null,"column":-1}},"17":{"start":{"line":36,"column":2},"end":{"line":null,"column":-1}},"18":{"start":{"line":37,"column":4},"end":{"line":null,"column":-1}},"19":{"start":{"line":38,"column":6},"end":{"line":null,"column":-1}},"20":{"start":{"line":40,"column":20},"end":{"line":40,"column":6}},"21":{"start":{"line":42,"column":6},"end":{"line":null,"column":-1}},"22":{"start":{"line":45,"column":4},"end":{"line":null,"column":-1}},"23":{"start":{"line":46,"column":18},"end":{"line":46,"column":6}},"24":{"start":{"line":47,"column":6},"end":{"line":null,"column":-1}},"25":{"start":{"line":49,"column":6},"end":{"line":null,"column":-1}},"26":{"start":{"line":50,"column":6},"end":{"line":null,"column":-1}},"27":{"start":{"line":52,"column":19},"end":{"line":52,"column":6}},"28":{"start":{"line":54,"column":6},"end":{"line":null,"column":-1}}},"fnMap":{"0":{"name":"(anonymous_0)","decl":{"start":{"line":5,"column":19},"end":{"line":5,"column":24}},"loc":{"start":{"line":5,"column":25},"end":{"line":5,"column":0}}},"1":{"name":"(anonymous_1)","decl":{"start":{"line":6,"column":29},"end":{"line":6,"column":34}},"loc":{"start":{"line":6,"column":35},"end":{"line":6,"column":2}}},"2":{"name":"(anonymous_2)","decl":{"start":{"line":7,"column":63},"end":{"line":7,"column":74}},"loc":{"start":{"line":7,"column":75},"end":{"line":7,"column":4}}},"3":{"name":"(anonymous_3)","decl":{"start":{"line":8,"column":33},"end":{"line":8,"column":38}},"loc":{"start":{"line":8,"column":39},"end":{"line":8,"column":6}}},"4":{"name":"(anonymous_4)","decl":{"start":{"line":13,"column":61},"end":{"line":13,"column":72}},"loc":{"start":{"line":13,"column":73},"end":{"line":13,"column":6}}},"5":{"name":"(anonymous_5)","decl":{"start":{"line":21,"column":36},"end":{"line":21,"column":41}},"loc":{"start":{"line":21,"column":42},"end":{"line":21,"column":6}}},"6":{"name":"(anonymous_6)","decl":{"start":{"line":24,"column":16},"end":{"line":24,"column":22}},"loc":{"start":{"line":24,"column":23},"end":{"line":22,"column":15}}},"7":{"name":"(anonymous_7)","decl":{"start":{"line":29,"column":61},"end":{"line":29,"column":72}},"loc":{"start":{"line":29,"column":73},"end":{"line":29,"column":6}}},"8":{"name":"(anonymous_8)","decl":{"start":{"line":36,"column":21},"end":{"line":36,"column":26}},"loc":{"start":{"line":36,"column":27},"end":{"line":36,"column":2}}},"9":{"name":"(anonymous_9)","decl":{"start":{"line":37,"column":40},"end":{"line":37,"column":51}},"loc":{"start":{"line":37,"column":52},"end":{"line":37,"column":4}}},"10":{"name":"(anonymous_10)","decl":{"start":{"line":45,"column":39},"end":{"line":45,"column":50}},"loc":{"start":{"line":45,"column":51},"end":{"line":45,"column":4}}}},"branchMap":{},"s":{"0":0,"1":0,"2":0,"3":0,"4":0,"5":0,"6":0,"7":0,"8":0,"9":0,"10":0,"11":0,"12":0,"13":0,"14":0,"15":0,"16":0,"17":0,"18":0,"19":0,"20":0,"21":0,"22":0,"23":0,"24":0,"25":0,"26":0,"27":0,"28":0},"f":{"0":0,"1":0,"2":0,"3":0,"4":0,"5":0,"6":0,"7":0,"8":0,"9":0,"10":0},"b":{}}
}
